c:\dev\kousou\auebgame\build\obj\debug_x64\vc143.pdb
c:\dev\kousou\auebgame\build\obj\debug_x64\vc143.idb
c:\dev\kousou\auebgame\build\obj\debug_x64\main.obj
c:\dev\kousou\auebgame\build\obj\debug_x64\gamestate.obj
c:\dev\kousou\auebgame\build\obj\debug_x64\gameobject.obj
c:\dev\kousou\auebgame\build\obj\debug_x64\player.obj
c:\dev\kousou\auebgame\build\obj\debug_x64\level.obj
c:\dev\kousou\auebgame\build\obj\debug_x64\enemy.obj
c:\dev\kousou\auebgame\build\obj\debug_x64\block.obj
c:\dev\kousou\auebgame\build\bin\debug_x64\auebgame.pdb
c:\dev\kousou\auebgame\build\obj\debug_x64\auebgame.vcxproj.filelistabsolute.txt
c:\dev\kousou\auebgame\build\obj\debug_x64\auebgame.tlog\cl.command.1.tlog
c:\dev\kousou\auebgame\build\obj\debug_x64\auebgame.tlog\cl.items.tlog
c:\dev\kousou\auebgame\build\obj\debug_x64\auebgame.tlog\cl.read.1.tlog
c:\dev\kousou\auebgame\build\obj\debug_x64\auebgame.tlog\cl.write.1.tlog
c:\dev\kousou\auebgame\build\obj\debug_x64\auebgame.tlog\link.21900-cvtres.read.1.tlog
c:\dev\kousou\auebgame\build\obj\debug_x64\auebgame.tlog\link.21900-cvtres.write.1.tlog
c:\dev\kousou\auebgame\build\obj\debug_x64\auebgame.tlog\link.21900-rc.read.1.tlog
c:\dev\kousou\auebgame\build\obj\debug_x64\auebgame.tlog\link.21900-rc.write.1.tlog
c:\dev\kousou\auebgame\build\obj\debug_x64\auebgame.tlog\link.21900.read.1.tlog
c:\dev\kousou\auebgame\build\obj\debug_x64\auebgame.tlog\link.21900.read.2.tlog
c:\dev\kousou\auebgame\build\obj\debug_x64\auebgame.tlog\link.21900.write.1.tlog
c:\dev\kousou\auebgame\build\obj\debug_x64\auebgame.tlog\link.command.1.tlog
c:\dev\kousou\auebgame\build\obj\debug_x64\auebgame.tlog\link.read.1.tlog
c:\dev\kousou\auebgame\build\obj\debug_x64\auebgame.tlog\link.write.1.tlog
